2021-05-09 18:50:58.421  INFO 8036 --- [restartedMain] com.ecom.SpringBootEcomApplication       : Starting SpringBootEcomApplication using Java 15.0.2 on sachin with PID 8036 (/home/sachin/Angular-Project/Online-Shopping-Sping-Boot/target/classes started by sachin in /home/sachin/Angular-Project/Online-Shopping-Sping-Boot)
2021-05-09 18:50:58.456  INFO 8036 --- [restartedMain] com.ecom.SpringBootEcomApplication       : No active profile set, falling back to default profiles: default
2021-05-09 18:50:58.803  INFO 8036 --- [restartedMain] .e.DevToolsPropertyDefaultsPostProcessor : Devtools property defaults active! Set 'spring.devtools.add-properties' to 'false' to disable
2021-05-09 18:50:58.804  INFO 8036 --- [restartedMain] .e.DevToolsPropertyDefaultsPostProcessor : For additional web related logging consider setting the 'logging.level.web' property to 'DEBUG'
2021-05-09 18:51:03.244  INFO 8036 --- [restartedMain] .s.d.r.c.RepositoryConfigurationDelegate : Bootstrapping Spring Data JPA repositories in DEFAULT mode.
2021-05-09 18:51:03.347  INFO 8036 --- [restartedMain] .s.d.r.c.RepositoryConfigurationDelegate : Finished Spring Data repository scanning in 91 ms. Found 2 JPA repository interfaces.
2021-05-09 18:51:05.192  INFO 8036 --- [restartedMain] o.s.b.w.embedded.tomcat.TomcatWebServer  : Tomcat initialized with port(s): 8080 (http)
2021-05-09 18:51:05.206  INFO 8036 --- [restartedMain] o.apache.catalina.core.StandardService   : Starting service [Tomcat]
2021-05-09 18:51:05.207  INFO 8036 --- [restartedMain] org.apache.catalina.core.StandardEngine  : Starting Servlet engine: [Apache Tomcat/9.0.44]
2021-05-09 18:51:05.325  INFO 8036 --- [restartedMain] o.a.c.c.C.[Tomcat].[localhost].[/]       : Initializing Spring embedded WebApplicationContext
2021-05-09 18:51:05.325  INFO 8036 --- [restartedMain] w.s.c.ServletWebServerApplicationContext : Root WebApplicationContext: initialization completed in 6519 ms
2021-05-09 18:51:05.571  INFO 8036 --- [restartedMain] com.zaxxer.hikari.HikariDataSource       : HikariPool-1 - Starting...
2021-05-09 18:51:10.126  INFO 8036 --- [restartedMain] com.zaxxer.hikari.HikariDataSource       : HikariPool-1 - Start completed.
2021-05-09 18:51:10.265  INFO 8036 --- [restartedMain] o.hibernate.jpa.internal.util.LogHelper  : HHH000204: Processing PersistenceUnitInfo [name: default]
2021-05-09 18:51:11.541  INFO 8036 --- [restartedMain] org.hibernate.Version                    : HHH000412: Hibernate ORM core version 5.4.29.Final
2021-05-09 18:51:12.555  INFO 8036 --- [restartedMain] o.hibernate.annotations.common.Version   : HCANN000001: Hibernate Commons Annotations {5.1.2.Final}
2021-05-09 18:51:12.996  INFO 8036 --- [restartedMain] org.hibernate.dialect.Dialect            : HHH000400: Using dialect: org.hibernate.dialect.MySQL8Dialect
2021-05-09 18:51:14.902  INFO 8036 --- [restartedMain] o.h.e.t.j.p.i.JtaPlatformInitiator       : HHH000490: Using JtaPlatform implementation: [org.hibernate.engine.transaction.jta.platform.internal.NoJtaPlatform]
2021-05-09 18:51:14.918  INFO 8036 --- [restartedMain] j.LocalContainerEntityManagerFactoryBean : Initialized JPA EntityManagerFactory for persistence unit 'default'
2021-05-09 18:51:15.775  WARN 8036 --- [restartedMain] JpaBaseConfiguration$JpaWebConfiguration : spring.jpa.open-in-view is enabled by default. Therefore, database queries may be performed during view rendering. Explicitly configure spring.jpa.open-in-view to disable this warning
2021-05-09 18:51:16.206  INFO 8036 --- [restartedMain] o.s.s.concurrent.ThreadPoolTaskExecutor  : Initializing ExecutorService 'applicationTaskExecutor'
2021-05-09 18:51:16.246  INFO 8036 --- [restartedMain] o.s.b.d.a.OptionalLiveReloadServer       : LiveReload server is running on port 35729
2021-05-09 18:51:16.650  INFO 8036 --- [restartedMain] o.s.b.w.embedded.tomcat.TomcatWebServer  : Tomcat started on port(s): 8080 (http) with context path ''
2021-05-09 18:51:17.221  INFO 8036 --- [restartedMain] com.ecom.SpringBootEcomApplication       : Started SpringBootEcomApplication in 20.503 seconds (JVM running for 24.601)
2021-05-09 18:57:20.097  INFO 8036 --- [http-nio-8080-exec-2] o.a.c.c.C.[Tomcat].[localhost].[/]       : Initializing Spring DispatcherServlet 'dispatcherServlet'
2021-05-09 18:57:20.132  INFO 8036 --- [http-nio-8080-exec-2] o.s.web.servlet.DispatcherServlet        : Initializing Servlet 'dispatcherServlet'
2021-05-09 18:57:20.134  INFO 8036 --- [http-nio-8080-exec-2] o.s.web.servlet.DispatcherServlet        : Completed initialization in 1 ms
2021-05-09 18:57:21.631  INFO 8036 --- [http-nio-8080-exec-2] com.ecom.controller.ProductController    : Hello info message
